<?xml version="1.0" encoding="UTF-8"?>
<!-- Generated by org.testng.reporters.JUnitReportReporter -->
<testsuite skipped="0" hostname="DESKTOP-85SQ8AN" name="APIs.GET_data" tests="1" failures="0" timestamp="2022-05-04T13:16:43 IST" time="6.388" errors="0">
  <testcase name="getapiresponse" time="6.388" classname="APIs.GET_data"/>
  <system-out/>
</testsuite> <!-- APIs.GET_data -->
